<?xml version="1.0" encoding="UTF-8"?>
<!-- Generated by org.testng.reporters.JUnitXMLReporter -->
<testsuite ignored="0" hostname="Ramakanth" failures="1" tests="1" name="Edge Test" time="0.051" errors="0" timestamp="2024-12-28T12:48:44 IST">
  <testcase classname="articles.ElPaisScraper" name="scrapeElPais" time="0.0">
    <failure type="org.testng.TestNGException" message="
Parameter &amp;apos;browserName&amp;apos; is required by @Test on method scrapeElPais but has not been marked @Optional or defined
in C:\Users\ramak\RestAssured\El_Pais\testng.xml">
      <![CDATA[org.testng.TestNGException: 
Parameter 'browserName' is required by @Test on method scrapeElPais but has not been marked @Optional or defined
in C:\Users\ramak\RestAssured\El_Pais\testng.xml
at java.base/java.util.ArrayList.forEach(ArrayList.java:1597)
at java.base/java.util.concurrent.FutureTask.run(FutureTask.java:317)
at java.base/java.util.concurrent.ThreadPoolExecutor.runWorker(ThreadPoolExecutor.java:1144)
at java.base/java.util.concurrent.ThreadPoolExecutor$Worker.run(ThreadPoolExecutor.java:642)
at java.base/java.lang.Thread.run(Thread.java:1570)
... Removed 16 stack frames]]>
    </failure>
  </testcase> <!-- scrapeElPais -->
</testsuite> <!-- Edge Test -->
